2022-08-24 19:11:33,229 [Worker-7: Loading available Gradle versions] INFO  o.e.b.c.i.u.g.PublishedGradleVersions - Gradle version information cache is not available. Remote download required.
2022-08-24 19:55:35,038 [Worker-5: Loading available Gradle versions] INFO  o.e.b.c.i.u.g.PublishedGradleVersions - Gradle version information cache is up-to-date. Trying to read.
2022-08-24 19:56:05,718 [Worker-6: Loading available Gradle versions] INFO  o.e.b.c.i.u.g.PublishedGradleVersions - Gradle version information cache is up-to-date. Trying to read.
2022-08-24 20:00:37,836 [Worker-3: Loading available Gradle versions] INFO  o.e.b.c.i.u.g.PublishedGradleVersions - Gradle version information cache is up-to-date. Trying to read.
2022-09-05 19:47:11,694 [Worker-1: Loading available Gradle versions] INFO  o.e.b.c.i.u.g.PublishedGradleVersions - Gradle version information cache is out-of-date. Trying to update.
2022-09-12 19:17:14,918 [Worker-6: Loading available Gradle versions] INFO  o.e.b.c.i.u.g.PublishedGradleVersions - Gradle version information cache is out-of-date. Trying to update.
2022-09-12 19:19:18,723 [Worker-6: Loading available Gradle versions] INFO  o.e.b.c.i.u.g.PublishedGradleVersions - Gradle version information cache is up-to-date. Trying to read.
2022-09-14 19:29:37,751 [Worker-4: Loading available Gradle versions] INFO  o.e.b.c.i.u.g.PublishedGradleVersions - Gradle version information cache is out-of-date. Trying to update.
2022-09-19 19:06:21,619 [Worker-7: Loading available Gradle versions] INFO  o.e.b.c.i.u.g.PublishedGradleVersions - Gradle version information cache is out-of-date. Trying to update.
2022-09-21 19:13:36,806 [Worker-3: Loading available Gradle versions] INFO  o.e.b.c.i.u.g.PublishedGradleVersions - Gradle version information cache is out-of-date. Trying to update.
2022-09-21 20:07:43,386 [Worker-1: Loading available Gradle versions] INFO  o.e.b.c.i.u.g.PublishedGradleVersions - Gradle version information cache is up-to-date. Trying to read.
2022-10-03 20:02:13,973 [Worker-4: Loading available Gradle versions] INFO  o.e.b.c.i.u.g.PublishedGradleVersions - Gradle version information cache is out-of-date. Trying to update.
2022-10-03 20:23:05,554 [Worker-1: Loading available Gradle versions] INFO  o.e.b.c.i.u.g.PublishedGradleVersions - Gradle version information cache is up-to-date. Trying to read.
2022-10-05 19:14:32,880 [Worker-4: Loading available Gradle versions] INFO  o.e.b.c.i.u.g.PublishedGradleVersions - Gradle version information cache is out-of-date. Trying to update.
2022-10-17 19:17:34,058 [Worker-7: Loading available Gradle versions] INFO  o.e.b.c.i.u.g.PublishedGradleVersions - Gradle version information cache is out-of-date. Trying to update.
2022-10-17 19:17:35,485 [Worker-7: Loading available Gradle versions] INFO  o.e.b.c.i.u.g.PublishedGradleVersions - Updating Gradle version information cache failed. Using outdated cache.
2022-10-17 20:16:59,808 [Start Help Server] INFO  org.eclipse.jetty.server.Server - jetty-10.0.9; built: 2022-03-30T16:46:32.527Z; git: a9eaf8d5d73369acf610ce88f850c0d56c4b1113; jvm 18.0.2+9-61
2022-10-17 20:16:59,834 [Start Help Server] INFO  o.e.j.s.s.DefaultSessionIdManager - Session workerName=node0
2022-10-17 20:16:59,853 [Start Help Server] INFO  o.e.j.server.handler.ContextHandler - Started o.e.j.s.ServletContextHandler@538de05c{/help,null,AVAILABLE}
2022-10-17 20:16:59,869 [Start Help Server] INFO  o.e.jetty.server.AbstractConnector - Started ServerConnector@7fd7867d{HTTP/1.1, (http/1.1)}{127.0.0.1:50518}
2022-10-17 20:16:59,871 [Start Help Server] INFO  org.eclipse.jetty.server.Server - Started Server@6a1bb4e1{STARTING}[10.0.9,sto=0] @3612638ms
2022-10-17 21:28:55,392 [Stop Help Server] INFO  org.eclipse.jetty.server.Server - Stopped Server@6a1bb4e1{STOPPING}[10.0.9,sto=0]
2022-10-17 21:28:55,392 [Stop Help Server] INFO  o.e.jetty.server.AbstractConnector - Stopped ServerConnector@7fd7867d{HTTP/1.1, (http/1.1)}{127.0.0.1:0}
2022-10-17 21:28:55,407 [Stop Help Server] INFO  o.e.j.server.handler.ContextHandler - Stopped o.e.j.s.ServletContextHandler@538de05c{/help,null,STOPPED}
2022-10-24 19:18:51,207 [Worker-7: Loading available Gradle versions] INFO  o.e.b.c.i.u.g.PublishedGradleVersions - Gradle version information cache is out-of-date. Trying to update.
